<?xml version="1.0" encoding="UTF-8" standalone="no"?>
<!DOCTYPE log SYSTEM "logger.dtd">
<log>
<record>
  <date>2023-05-06T14:07:57.159840293Z</date>
  <millis>1683382077159</millis>
  <nanos>840293</nanos>
  <sequence>3</sequence>
  <logger>org.apache.coyote.http11.Http11NioProtocol</logger>
  <level>INFO</level>
  <class>org.apache.coyote.AbstractProtocol</class>
  <method>start</method>
  <thread>1</thread>
  <message>Starting ProtocolHandler ["http-nio-8002"]</message>
</record>
<record>
  <date>2023-05-06T14:08:04.887352748Z</date>
  <millis>1683382084887</millis>
  <nanos>352748</nanos>
  <sequence>4</sequence>
  <logger>org.apache.catalina.core.ContainerBase.[Tomcat].[localhost].[/]</logger>
  <level>INFO</level>
  <class>org.apache.catalina.core.ApplicationContext</class>
  <method>log</method>
  <thread>44</thread>
  <message>Initializing Spring DispatcherServlet 'dispatcherServlet'</message>
</record>
